<?xml version="1.0" encoding="UTF-8"?>
<testsuite name="test_get_vaccine_date_tests.TestGetVaccineDate-20220519175418" tests="17" file="test_get_vaccine_date_tests.py" time="0.452" timestamp="2022-05-19T17:54:20" failures="0" errors="0" skipped="0">
	<testcase classname="test_get_vaccine_date_tests.TestGetVaccineDate" name="test_get_vaccine_date_no_ok" time="0.044" timestamp="2022-05-19T17:54:19"/>
	<testcase classname="test_get_vaccine_date_tests.TestGetVaccineDate" name="test_get_vaccine_date_no_ok_data_manipulated" time="0.021" timestamp="2022-05-19T17:54:19"/>
	<testcase classname="test_get_vaccine_date_tests.TestGetVaccineDate" name="test_get_vaccine_date_no_ok_invalid_format_dash" time="0.010" timestamp="2022-05-19T17:54:19"/>
	<testcase classname="test_get_vaccine_date_tests.TestGetVaccineDate" name="test_get_vaccine_date_no_ok_invalid_format_days_0" time="0.010" timestamp="2022-05-19T17:54:19"/>
	<testcase classname="test_get_vaccine_date_tests.TestGetVaccineDate" name="test_get_vaccine_date_no_ok_invalid_format_days_exceed" time="0.009" timestamp="2022-05-19T17:54:19"/>
	<testcase classname="test_get_vaccine_date_tests.TestGetVaccineDate" name="test_get_vaccine_date_no_ok_invalid_format_month_0" time="0.009" timestamp="2022-05-19T17:54:19"/>
	<testcase classname="test_get_vaccine_date_tests.TestGetVaccineDate" name="test_get_vaccine_date_no_ok_invalid_format_month_exceed" time="0.010" timestamp="2022-05-19T17:54:19"/>
	<testcase classname="test_get_vaccine_date_tests.TestGetVaccineDate" name="test_get_vaccine_date_no_ok_invalid_format_no_days" time="0.009" timestamp="2022-05-19T17:54:19"/>
	<testcase classname="test_get_vaccine_date_tests.TestGetVaccineDate" name="test_get_vaccine_date_no_ok_invalid_format_no_month" time="0.009" timestamp="2022-05-19T17:54:19"/>
	<testcase classname="test_get_vaccine_date_tests.TestGetVaccineDate" name="test_get_vaccine_date_no_ok_invalid_format_no_year" time="0.010" timestamp="2022-05-19T17:54:19"/>
	<testcase classname="test_get_vaccine_date_tests.TestGetVaccineDate" name="test_get_vaccine_date_no_ok_invalid_format_one_char_less" time="0.010" timestamp="2022-05-19T17:54:19"/>
	<testcase classname="test_get_vaccine_date_tests.TestGetVaccineDate" name="test_get_vaccine_date_no_ok_invalid_format_one_char_more" time="0.009" timestamp="2022-05-19T17:54:19"/>
	<testcase classname="test_get_vaccine_date_tests.TestGetVaccineDate" name="test_get_vaccine_date_no_ok_invalid_format_year_0" time="0.010" timestamp="2022-05-19T17:54:19"/>
	<testcase classname="test_get_vaccine_date_tests.TestGetVaccineDate" name="test_get_vaccine_date_no_ok_no_quotes" time="0.009" timestamp="2022-05-19T17:54:19"/>
	<testcase classname="test_get_vaccine_date_tests.TestGetVaccineDate" name="test_get_vaccine_date_no_ok_outdated_date" time="0.015" timestamp="2022-05-19T17:54:19"/>
	<testcase classname="test_get_vaccine_date_tests.TestGetVaccineDate" name="test_get_vaccine_date_no_ok_parameter" time="0.252" timestamp="2022-05-19T17:54:20"/>
	<testcase classname="test_get_vaccine_date_tests.TestGetVaccineDate" name="test_get_vaccine_date_ok" time="0.006" timestamp="2022-05-19T17:54:20"/>
</testsuite>
