<?xml version="1.0" encoding="UTF-8"?>
<testsuite name="test_cancellation_tests.TestCancellation-20220521195652" tests="6" file="test_cancellation_tests.py" time="0.665" timestamp="2022-05-21T19:56:56" failures="0" errors="0" skipped="0">
	<testcase classname="test_cancellation_tests.TestCancellation" name="test_Json_Case_Valid_1" time="0.087" timestamp="2022-05-21T19:56:56"/>
	<testcase classname="test_cancellation_tests.TestCancellation" name="test_Json_Case_Valid_2" time="0.013" timestamp="2022-05-21T19:56:56"/>
	<testcase classname="test_cancellation_tests.TestCancellation" name="test_not_valid_appointment_already_cancelled" time="0.013" timestamp="2022-05-21T19:56:56"/>
	<testcase classname="test_cancellation_tests.TestCancellation" name="test_not_valid_appointment_does_not_exist" time="0.011" timestamp="2022-05-21T19:56:56"/>
	<testcase classname="test_cancellation_tests.TestCancellation" name="test_not_valid_appointment_is_outdated" time="0.018" timestamp="2022-05-21T19:56:56"/>
	<testcase classname="test_cancellation_tests.TestCancellation" name="test_parametrized_Json_Case_NV" time="0.523" timestamp="2022-05-21T19:56:56"/>
</testsuite>
